WARNING:torch.distributed.run:
*****************************************
Setting OMP_NUM_THREADS environment variable for each process to be 1 in default, to avoid your system being overloaded, please further tune the variable for optimal performance in your application as needed. 
*****************************************
NaN or Inf found in input tensor.
NaN or Inf found in input tensor.
NaN or Inf found in input tensor.
NaN or Inf found in input tensor.
NaN or Inf found in input tensor.
NaN or Inf found in input tensor.
NaN or Inf found in input tensor.
NaN or Inf found in input tensor.
NaN or Inf found in input tensor.
NaN or Inf found in input tensor.
NaN or Inf found in input tensor.
NaN or Inf found in input tensor.
NaN or Inf found in input tensor.
NaN or Inf found in input tensor.
NaN or Inf found in input tensor.
NaN or Inf found in input tensor.
NaN or Inf found in input tensor.
Traceback (most recent call last):
Traceback (most recent call last):
  File "/scratch/asimionescu/DSAIT4125/Surgformer/downstream_phase/run_phase_training.py", line 993, in <module>
  File "/scratch/asimionescu/DSAIT4125/Surgformer/downstream_phase/run_phase_training.py", line 993, in <module>
        main(opts, ds_init)main(opts, ds_init)

  File "/scratch/asimionescu/DSAIT4125/Surgformer/downstream_phase/run_phase_training.py", line 933, in main
  File "/scratch/asimionescu/DSAIT4125/Surgformer/downstream_phase/run_phase_training.py", line 933, in main
        checkpoint = torch.load(best_pretrained_path, map_location="cpu")checkpoint = torch.load(best_pretrained_path, map_location="cpu")

  File "/scratch/asimionescu/conda/envs/surgical-action-recognition/lib/python3.10/site-packages/torch/serialization.py", line 771, in load
  File "/scratch/asimionescu/conda/envs/surgical-action-recognition/lib/python3.10/site-packages/torch/serialization.py", line 771, in load
        with _open_file_like(f, 'rb') as opened_file:with _open_file_like(f, 'rb') as opened_file:

  File "/scratch/asimionescu/conda/envs/surgical-action-recognition/lib/python3.10/site-packages/torch/serialization.py", line 270, in _open_file_like
  File "/scratch/asimionescu/conda/envs/surgical-action-recognition/lib/python3.10/site-packages/torch/serialization.py", line 270, in _open_file_like
    return _open_file(name_or_buffer, mode)    
return _open_file(name_or_buffer, mode)  File "/scratch/asimionescu/conda/envs/surgical-action-recognition/lib/python3.10/site-packages/torch/serialization.py", line 251, in __init__

  File "/scratch/asimionescu/conda/envs/surgical-action-recognition/lib/python3.10/site-packages/torch/serialization.py", line 251, in __init__
    super(_open_file, self).__init__(open(name, mode))
    FileNotFoundErrorsuper(_open_file, self).__init__(open(name, mode)): 
[Errno 2] No such file or directory: '/scratch/asimionescu/DSAIT4125/results/M2CAI16/surgformer_HTA_KCA_M2CAI16_0.0001_0.75_online_key_frame_frame16_Fixed_Stride_4/checkpoint-best/mp_rank_00_model_states.pt'FileNotFoundError
: [Errno 2] No such file or directory: '/scratch/asimionescu/DSAIT4125/results/M2CAI16/surgformer_HTA_KCA_M2CAI16_0.0001_0.75_online_key_frame_frame16_Fixed_Stride_4/checkpoint-best/mp_rank_00_model_states.pt'
WARNING:torch.distributed.elastic.multiprocessing.api:Sending process 1763981 closing signal SIGTERM
ERROR:torch.distributed.elastic.multiprocessing.api:failed (exitcode: 1) local_rank: 1 (pid: 1763982) of binary: /scratch/asimionescu/conda/envs/surgical-action-recognition/bin/python3.10
Traceback (most recent call last):
  File "/scratch/asimionescu/conda/envs/surgical-action-recognition/bin/torchrun", line 6, in <module>
    sys.exit(main())
  File "/scratch/asimionescu/conda/envs/surgical-action-recognition/lib/python3.10/site-packages/torch/distributed/elastic/multiprocessing/errors/__init__.py", line 346, in wrapper
    return f(*args, **kwargs)
  File "/scratch/asimionescu/conda/envs/surgical-action-recognition/lib/python3.10/site-packages/torch/distributed/run.py", line 762, in main
    run(args)
  File "/scratch/asimionescu/conda/envs/surgical-action-recognition/lib/python3.10/site-packages/torch/distributed/run.py", line 753, in run
    elastic_launch(
  File "/scratch/asimionescu/conda/envs/surgical-action-recognition/lib/python3.10/site-packages/torch/distributed/launcher/api.py", line 132, in __call__
    return launch_agent(self._config, self._entrypoint, list(args))
  File "/scratch/asimionescu/conda/envs/surgical-action-recognition/lib/python3.10/site-packages/torch/distributed/launcher/api.py", line 246, in launch_agent
    raise ChildFailedError(
torch.distributed.elastic.multiprocessing.errors.ChildFailedError: 
============================================================
downstream_phase/run_phase_training.py FAILED
------------------------------------------------------------
Failures:
  <NO_OTHER_FAILURES>
------------------------------------------------------------
Root Cause (first observed failure):
[0]:
  time      : 2026-03-13_09:50:27
  host      : gpu012.delftblue.tudelft.net
  rank      : 1 (local_rank: 1)
  exitcode  : 1 (pid: 1763982)
  error_file: <N/A>
  traceback : To enable traceback see: https://pytorch.org/docs/stable/elastic/errors.html
============================================================
